<?xml version="1.0" encoding="UTF-8"?>
<!-- Generated by org.testng.reporters.JUnitXMLReporter -->
<testsuite hostname="LAPTOP-OAV09TMM" failures="1" tests="1" name="Test" time="0.094" errors="0" timestamp="14 Jul 2021 13:19:52 GMT">
  <testcase classname="Test.extentreportwithtestNGDemo" name="testtwo" time="0.045">
    <failure type="java.lang.NullPointerException" message="Cannot invoke &amp;quot;com.aventstack.extentreports.ExtentReports.createTest(String, String)&amp;quot; because &amp;quot;this.Extent&amp;quot; is null">
      <![CDATA[java.lang.NullPointerException: Cannot invoke "com.aventstack.extentreports.ExtentReports.createTest(String, String)" because "this.Extent" is null
	at Test.extentreportwithtestNGDemo.testtwo(extentreportwithtestNGDemo.java:60)
... Removed 24 stack frames]]>
    </failure>
  </testcase> <!-- testtwo -->
</testsuite> <!-- Test -->
