<?xml version="1.0" encoding="UTF-8"?>
<testng-results total="2" passed="2" failed="0" skipped="0">
  <reporter-output>
  </reporter-output>
  <suite started-at="2021-07-19T13:16:09Z" name="Default suite" finished-at="2021-07-19T13:16:23Z" duration-ms="14710">
    <groups>
      <group name="smoke">
        <method signature="extentreportwithtestNGDemo.testone()[pri:0, instance:Test.extentreportwithtestNGDemo@1c7696c6]" name="testone" class="Test.extentreportwithtestNGDemo"/>
      </group> <!-- smoke -->
      <group name="sanity">
        <method signature="extentreportwithtestNGDemo.testtwo()[pri:0, instance:Test.extentreportwithtestNGDemo@1c7696c6]" name="testtwo" class="Test.extentreportwithtestNGDemo"/>
      </group> <!-- sanity -->
    </groups>
    <test started-at="2021-07-19T13:16:09Z" name="Default test" finished-at="2021-07-19T13:16:23Z" duration-ms="14710">
      <class name="Test.extentreportwithtestNGDemo">
        <test-method is-config="true" signature="setup()[pri:0, instance:Test.extentreportwithtestNGDemo@1c7696c6]" started-at="2021-07-19T18:46:06Z" name="setup" finished-at="2021-07-19T18:46:09Z" duration-ms="2324" status="PASS">
          <reporter-output>
          </reporter-output>
        </test-method> <!-- setup -->
        <test-method signature="testone()[pri:0, instance:Test.extentreportwithtestNGDemo@1c7696c6]" started-at="2021-07-19T18:46:09Z" name="testone" finished-at="2021-07-19T18:46:17Z" duration-ms="8477" status="PASS">
          <reporter-output>
          </reporter-output>
        </test-method> <!-- testone -->
        <test-method signature="testtwo()[pri:0, instance:Test.extentreportwithtestNGDemo@1c7696c6]" started-at="2021-07-19T18:46:17Z" name="testtwo" finished-at="2021-07-19T18:46:23Z" duration-ms="6218" status="PASS">
          <reporter-output>
          </reporter-output>
        </test-method> <!-- testtwo -->
        <test-method is-config="true" signature="teardown()[pri:0, instance:Test.extentreportwithtestNGDemo@1c7696c6]" started-at="2021-07-19T18:46:23Z" name="teardown" finished-at="2021-07-19T18:46:24Z" duration-ms="638" status="PASS">
          <reporter-output>
          </reporter-output>
        </test-method> <!-- teardown -->
      </class> <!-- Test.extentreportwithtestNGDemo -->
    </test> <!-- Default test -->
  </suite> <!-- Default suite -->
</testng-results>
