<?xml version="1.0" encoding="UTF-8"?>
<!-- Generated by org.testng.reporters.JUnitXMLReporter -->
<testsuite hostname="LAPTOP-OAV09TMM" failures="0" tests="4" name="Test1" time="15.042" errors="0" timestamp="14 Jul 2021 13:21:07 GMT">
  <testcase classname="Test.extentreportwithtestNGDemo" name="testone" time="7.928"/>
  <testcase classname="Test.extentreportwithtestNGDemo2" name="testone1" time="8.682"/>
  <testcase classname="Test.extentreportwithtestNGDemo" name="testtwo" time="5.455"/>
  <testcase classname="Test.extentreportwithtestNGDemo2" name="testtwo2" time="6.331"/>
</testsuite> <!-- Test1 -->
